<?xml version="1.0" encoding="UTF-8"?>
<testsuite xmlns:xsi="http://www.w3.org/2001/XMLSchema-instance" xsi:noNamespaceSchemaLocation="https://maven.apache.org/surefire/maven-surefire-plugin/xsd/surefire-test-report-3.0.xsd" version="3.0" name="com.oxyl.coursepfback.infrastructure.mapper.MapEntityMapperTest" time="0.045" tests="5" errors="0" skipped="0" failures="0">
  <properties>
[...]
</properties>
  <testcase name="mapModelToEntity_shouldMapAllFields_whenModelIsNotNull" classname="com.oxyl.coursepfback.infrastructure.mapper.MapEntityMapperTest" time="0.025"/>
  <testcase name="mapListEntityToModel_shouldMapAllEntities" classname="com.oxyl.coursepfback.infrastructure.mapper.MapEntityMapperTest" time="0.004"/>
  <testcase name="mapEntityToModel_shouldMapAllFields_whenEntityIsNotNull" classname="com.oxyl.coursepfback.infrastructure.mapper.MapEntityMapperTest" time="0.003"/>
  <testcase name="mapModelToEntity_shouldReturnNull_whenModelIsNull" classname="com.oxyl.coursepfback.infrastructure.mapper.MapEntityMapperTest" time="0.002"/>
  <testcase name="mapEntityToModel_shouldReturnNull_whenEntityIsNull" classname="com.oxyl.coursepfback.infrastructure.mapper.MapEntityMapperTest" time="0.008"/>
</testsuite>